2021-03-06 18:02:43,321 - PixelEconomy (logger /media/Coding/py/PixelEconomy/logger.py:31) - INFO - logger init! --------------------------------------------------------------------------------------------------------------------------------------------------------------------------------------------------------
2021-03-06 18:02:58,674 - PixelEconomy (logger /media/Coding/py/PixelEconomy/logger.py:31) - INFO - logger init! --------------------------------------------------------------------------------------------------------------------------------------------------------------------------------------------------------
2021-03-06 18:02:58,754 - PixelEconomy (db /media/Coding/py/PixelEconomy/db.py:63) - INFO - Database has already been initialised!
2021-03-06 18:03:56,387 - PixelEconomy (logger /media/Coding/py/PixelEconomy/logger.py:31) - INFO - logger init! --------------------------------------------------------------------------------------------------------------------------------------------------------------------------------------------------------
2021-03-06 18:04:12,294 - PixelEconomy (logger /media/Coding/py/PixelEconomy/logger.py:31) - INFO - logger init! --------------------------------------------------------------------------------------------------------------------------------------------------------------------------------------------------------
2021-03-06 18:04:12,378 - PixelEconomy (db /media/Coding/py/PixelEconomy/db.py:63) - INFO - Database has already been initialised!
2021-03-06 18:18:45,492 - PixelEconomy (logger /media/Coding/py/PixelEconomy/logger.py:31) - INFO - logger init! --------------------------------------------------------------------------------------------------------------------------------------------------------------------------------------------------------
2021-03-06 18:18:45,598 - PixelEconomy (db /media/Coding/py/PixelEconomy/db.py:104) - INFO - Initialised database!
2021-03-06 18:45:46,024 - PixelEconomy (logger /media/Coding/py/PixelEconomy/logger.py:31) - INFO - logger init! --------------------------------------------------------------------------------------------------------------------------------------------------------------------------------------------------------
2021-03-06 18:45:46,122 - PixelEconomy (db /media/Coding/py/PixelEconomy/db.py:64) - INFO - Database has already been initialised!
2021-03-06 18:47:51,942 - PixelEconomy (logger /media/Coding/py/PixelEconomy/logger.py:31) - INFO - logger init! --------------------------------------------------------------------------------------------------------------------------------------------------------------------------------------------------------
2021-03-06 18:47:52,112 - PixelEconomy (db /media/Coding/py/PixelEconomy/db.py:132) - INFO - Initialised database!
2021-03-06 18:58:33,846 - PixelEconomy (logger /media/Coding/py/PixelEconomy/logger.py:31) - INFO - logger init! --------------------------------------------------------------------------------------------------------------------------------------------------------------------------------------------------------
2021-03-06 18:58:34,065 - PixelEconomy (db /media/Coding/py/PixelEconomy/db.py:151) - INFO - Initialised database!
2021-03-06 18:59:39,728 - PixelEconomy (logger /media/Coding/py/PixelEconomy/logger.py:31) - INFO - logger init! --------------------------------------------------------------------------------------------------------------------------------------------------------------------------------------------------------
2021-03-06 18:59:39,926 - PixelEconomy (db /media/Coding/py/PixelEconomy/db.py:151) - INFO - Initialised database!
2021-03-06 18:59:50,226 - PixelEconomy (logger /media/Coding/py/PixelEconomy/logger.py:31) - INFO - logger init! --------------------------------------------------------------------------------------------------------------------------------------------------------------------------------------------------------
2021-03-06 18:59:50,454 - PixelEconomy (db /media/Coding/py/PixelEconomy/db.py:151) - INFO - Initialised database!
2021-03-06 19:05:33,347 - PixelEconomy (logger /media/Coding/py/PixelEconomy/logger.py:31) - INFO - logger init! --------------------------------------------------------------------------------------------------------------------------------------------------------------------------------------------------------
2021-03-06 19:06:14,064 - PixelEconomy (logger /media/Coding/py/PixelEconomy/logger.py:31) - INFO - logger init! --------------------------------------------------------------------------------------------------------------------------------------------------------------------------------------------------------
2021-03-06 19:06:14,267 - PixelEconomy (db /media/Coding/py/PixelEconomy/db.py:165) - INFO - Initialised database!
2021-03-06 19:11:45,175 - PixelEconomy (logger /media/Coding/py/PixelEconomy/logger.py:31) - INFO - logger init! --------------------------------------------------------------------------------------------------------------------------------------------------------------------------------------------------------
2021-03-06 19:11:45,258 - PixelEconomy (db /media/Coding/py/PixelEconomy/db.py:64) - INFO - Database has already been initialised!
2021-03-06 19:12:47,871 - PixelEconomy (logger /media/Coding/py/PixelEconomy/logger.py:31) - INFO - logger init! --------------------------------------------------------------------------------------------------------------------------------------------------------------------------------------------------------
2021-03-06 19:12:48,105 - PixelEconomy (db /media/Coding/py/PixelEconomy/db.py:165) - INFO - Initialised database!
2021-03-06 19:12:51,462 - PixelEconomy (logger /media/Coding/py/PixelEconomy/logger.py:31) - INFO - logger init! --------------------------------------------------------------------------------------------------------------------------------------------------------------------------------------------------------
2021-03-06 19:12:51,557 - PixelEconomy (db /media/Coding/py/PixelEconomy/db.py:64) - INFO - Database has already been initialised!
2021-03-06 19:38:10,998 - PixelEconomy (logger /media/Coding/py/PixelEconomy/logger.py:31) - INFO - logger init! --------------------------------------------------------------------------------------------------------------------------------------------------------------------------------------------------------
2021-03-06 19:38:11,202 - PixelEconomy (db /media/Coding/py/PixelEconomy/db.py:12) - INFO - Database has already been initialised!
2021-03-06 19:40:27,502 - PixelEconomy (logger /media/Coding/py/PixelEconomy/logger.py:31) - INFO - logger init! --------------------------------------------------------------------------------------------------------------------------------------------------------------------------------------------------------
2021-03-06 19:40:27,758 - PixelEconomy (db /media/Coding/py/PixelEconomy/db.py:12) - INFO - Database has already been initialised!
2021-03-06 19:43:06,078 - PixelEconomy (logger /media/Coding/py/PixelEconomy/logger.py:31) - INFO - logger init! --------------------------------------------------------------------------------------------------------------------------------------------------------------------------------------------------------
2021-03-06 19:43:06,308 - PixelEconomy (db /media/Coding/py/PixelEconomy/db.py:127) - INFO - Initialised database!
2021-03-06 19:43:10,844 - PixelEconomy (logger /media/Coding/py/PixelEconomy/logger.py:31) - INFO - logger init! --------------------------------------------------------------------------------------------------------------------------------------------------------------------------------------------------------
2021-03-06 19:43:10,935 - PixelEconomy (db /media/Coding/py/PixelEconomy/db.py:12) - INFO - Database has already been initialised!
2021-03-06 19:43:16,381 - PixelEconomy (logger /media/Coding/py/PixelEconomy/logger.py:31) - INFO - logger init! --------------------------------------------------------------------------------------------------------------------------------------------------------------------------------------------------------
2021-03-06 19:43:16,479 - PixelEconomy (db /media/Coding/py/PixelEconomy/db.py:12) - INFO - Database has already been initialised!
2021-03-06 19:43:38,952 - PixelEconomy (logger /media/Coding/py/PixelEconomy/logger.py:31) - INFO - logger init! --------------------------------------------------------------------------------------------------------------------------------------------------------------------------------------------------------
2021-03-06 19:43:39,059 - PixelEconomy (db /media/Coding/py/PixelEconomy/db.py:12) - INFO - Database has already been initialised!
2021-03-06 19:44:47,418 - PixelEconomy (logger /media/Coding/py/PixelEconomy/logger.py:31) - INFO - logger init! --------------------------------------------------------------------------------------------------------------------------------------------------------------------------------------------------------
2021-03-06 19:44:47,517 - PixelEconomy (db /media/Coding/py/PixelEconomy/db.py:12) - INFO - Database has already been initialised!
2021-03-06 19:56:15,539 - PixelEconomy (logger /media/Coding/py/PixelEconomy/logger.py:31) - INFO - logger init! --------------------------------------------------------------------------------------------------------------------------------------------------------------------------------------------------------
2021-03-06 19:56:15,634 - PixelEconomy (db /media/Coding/py/PixelEconomy/db.py:12) - INFO - Database has already been initialised!
2021-03-06 19:58:04,385 - PixelEconomy (logger /media/Coding/py/PixelEconomy/logger.py:31) - INFO - logger init! --------------------------------------------------------------------------------------------------------------------------------------------------------------------------------------------------------
2021-03-06 19:58:04,638 - PixelEconomy (db /media/Coding/py/PixelEconomy/db.py:12) - INFO - Database has already been initialised!
2021-03-06 19:58:09,690 - PixelEconomy (logger /media/Coding/py/PixelEconomy/logger.py:31) - INFO - logger init! --------------------------------------------------------------------------------------------------------------------------------------------------------------------------------------------------------
2021-03-06 19:58:09,802 - PixelEconomy (db /media/Coding/py/PixelEconomy/db.py:12) - INFO - Database has already been initialised!
2021-03-06 19:58:47,074 - PixelEconomy (logger /media/Coding/py/PixelEconomy/logger.py:31) - INFO - logger init! --------------------------------------------------------------------------------------------------------------------------------------------------------------------------------------------------------
2021-03-06 19:58:47,180 - PixelEconomy (db /media/Coding/py/PixelEconomy/db.py:12) - INFO - Database has already been initialised!
2021-03-06 19:58:56,253 - PixelEconomy (logger /media/Coding/py/PixelEconomy/logger.py:31) - INFO - logger init! --------------------------------------------------------------------------------------------------------------------------------------------------------------------------------------------------------
2021-03-06 19:58:56,525 - PixelEconomy (db /media/Coding/py/PixelEconomy/db.py:12) - INFO - Database has already been initialised!
2021-03-06 20:05:01,044 - PixelEconomy (logger /media/Coding/py/PixelEconomy/logger.py:31) - INFO - logger init! --------------------------------------------------------------------------------------------------------------------------------------------------------------------------------------------------------
2021-03-06 20:05:01,157 - PixelEconomy (db /media/Coding/py/PixelEconomy/db.py:12) - INFO - Database has already been initialised!
2021-03-06 20:25:41,971 - PixelEconomy (logger /media/Coding/py/PixelEconomy/logger.py:31) - INFO - logger init! --------------------------------------------------------------------------------------------------------------------------------------------------------------------------------------------------------
2021-03-06 20:25:42,086 - PixelEconomy (db /media/Coding/py/PixelEconomy/db.py:12) - INFO - Database has already been initialised!
2021-03-06 20:27:10,511 - PixelEconomy (logger /media/Coding/py/PixelEconomy/logger.py:31) - INFO - logger init! --------------------------------------------------------------------------------------------------------------------------------------------------------------------------------------------------------
2021-03-06 20:27:10,624 - PixelEconomy (db /media/Coding/py/PixelEconomy/db.py:12) - INFO - Database has already been initialised!
2021-03-06 20:27:18,789 - PixelEconomy (logger /media/Coding/py/PixelEconomy/logger.py:31) - INFO - logger init! --------------------------------------------------------------------------------------------------------------------------------------------------------------------------------------------------------
2021-03-06 20:27:18,874 - PixelEconomy (db /media/Coding/py/PixelEconomy/db.py:12) - INFO - Database has already been initialised!
2021-03-06 20:27:25,974 - PixelEconomy (logger /media/Coding/py/PixelEconomy/logger.py:31) - INFO - logger init! --------------------------------------------------------------------------------------------------------------------------------------------------------------------------------------------------------
2021-03-06 20:27:26,086 - PixelEconomy (db /media/Coding/py/PixelEconomy/db.py:12) - INFO - Database has already been initialised!
2021-03-06 20:30:11,925 - PixelEconomy (logger /media/Coding/py/PixelEconomy/logger.py:31) - INFO - logger init! --------------------------------------------------------------------------------------------------------------------------------------------------------------------------------------------------------
2021-03-06 20:30:12,174 - PixelEconomy (db /media/Coding/py/PixelEconomy/db.py:127) - INFO - Initialised database!
2021-03-06 20:30:21,380 - PixelEconomy (logger /media/Coding/py/PixelEconomy/logger.py:31) - INFO - logger init! --------------------------------------------------------------------------------------------------------------------------------------------------------------------------------------------------------
2021-03-06 20:30:21,474 - PixelEconomy (db /media/Coding/py/PixelEconomy/db.py:12) - INFO - Database has already been initialised!
2021-03-06 20:32:19,123 - PixelEconomy (logger /media/Coding/py/PixelEconomy/logger.py:31) - INFO - logger init! --------------------------------------------------------------------------------------------------------------------------------------------------------------------------------------------------------
2021-03-06 20:32:19,202 - PixelEconomy (db /media/Coding/py/PixelEconomy/db.py:12) - INFO - Database has already been initialised!
2021-03-06 20:37:00,081 - PixelEconomy (logger /media/Coding/py/PixelEconomy/logger.py:31) - INFO - logger init! --------------------------------------------------------------------------------------------------------------------------------------------------------------------------------------------------------
2021-03-06 20:37:00,173 - PixelEconomy (db /media/Coding/py/PixelEconomy/db.py:12) - INFO - Database has already been initialised!
2021-03-06 20:37:29,602 - PixelEconomy (logger /media/Coding/py/PixelEconomy/logger.py:31) - INFO - logger init! --------------------------------------------------------------------------------------------------------------------------------------------------------------------------------------------------------
2021-03-06 20:37:29,712 - PixelEconomy (db /media/Coding/py/PixelEconomy/db.py:12) - INFO - Database has already been initialised!
2021-03-06 20:38:05,272 - PixelEconomy (logger /media/Coding/py/PixelEconomy/logger.py:31) - INFO - logger init! --------------------------------------------------------------------------------------------------------------------------------------------------------------------------------------------------------
2021-03-06 20:38:05,375 - PixelEconomy (db /media/Coding/py/PixelEconomy/db.py:12) - INFO - Database has already been initialised!
2021-03-06 20:40:26,992 - PixelEconomy (logger /media/Coding/py/PixelEconomy/logger.py:31) - INFO - logger init! --------------------------------------------------------------------------------------------------------------------------------------------------------------------------------------------------------
2021-03-06 20:40:27,109 - PixelEconomy (db /media/Coding/py/PixelEconomy/db.py:12) - INFO - Database has already been initialised!
2021-03-06 20:40:46,131 - PixelEconomy (logger /media/Coding/py/PixelEconomy/logger.py:31) - INFO - logger init! --------------------------------------------------------------------------------------------------------------------------------------------------------------------------------------------------------
2021-03-06 20:40:46,290 - PixelEconomy (db /media/Coding/py/PixelEconomy/db.py:12) - INFO - Database has already been initialised!
2021-03-06 20:41:38,865 - PixelEconomy (logger /media/Coding/py/PixelEconomy/logger.py:31) - INFO - logger init! --------------------------------------------------------------------------------------------------------------------------------------------------------------------------------------------------------
2021-03-06 20:41:38,974 - PixelEconomy (db /media/Coding/py/PixelEconomy/db.py:12) - INFO - Database has already been initialised!
2021-03-06 20:41:57,322 - PixelEconomy (logger /media/Coding/py/PixelEconomy/logger.py:31) - INFO - logger init! --------------------------------------------------------------------------------------------------------------------------------------------------------------------------------------------------------
2021-03-06 20:41:57,424 - PixelEconomy (db /media/Coding/py/PixelEconomy/db.py:12) - INFO - Database has already been initialised!
2021-03-06 20:42:27,358 - PixelEconomy (logger /media/Coding/py/PixelEconomy/logger.py:31) - INFO - logger init! --------------------------------------------------------------------------------------------------------------------------------------------------------------------------------------------------------
2021-03-06 20:42:27,458 - PixelEconomy (db /media/Coding/py/PixelEconomy/db.py:12) - INFO - Database has already been initialised!
2021-03-06 20:43:54,272 - PixelEconomy (logger /media/Coding/py/PixelEconomy/logger.py:31) - INFO - logger init! --------------------------------------------------------------------------------------------------------------------------------------------------------------------------------------------------------
2021-03-06 20:43:54,363 - PixelEconomy (db /media/Coding/py/PixelEconomy/db.py:12) - INFO - Database has already been initialised!
2021-03-06 20:46:17,404 - PixelEconomy (logger /media/Coding/py/PixelEconomy/logger.py:31) - INFO - logger init! --------------------------------------------------------------------------------------------------------------------------------------------------------------------------------------------------------
2021-03-06 20:46:17,502 - PixelEconomy (db /media/Coding/py/PixelEconomy/db.py:12) - INFO - Database has already been initialised!
2021-03-06 20:46:29,410 - PixelEconomy (logger /media/Coding/py/PixelEconomy/logger.py:31) - INFO - logger init! --------------------------------------------------------------------------------------------------------------------------------------------------------------------------------------------------------
2021-03-06 20:46:29,508 - PixelEconomy (db /media/Coding/py/PixelEconomy/db.py:12) - INFO - Database has already been initialised!
2021-03-06 20:47:49,382 - PixelEconomy (logger /media/Coding/py/PixelEconomy/logger.py:31) - INFO - logger init! --------------------------------------------------------------------------------------------------------------------------------------------------------------------------------------------------------
2021-03-06 20:47:49,611 - PixelEconomy (db /media/Coding/py/PixelEconomy/db.py:12) - INFO - Database has already been initialised!
2021-03-06 20:48:31,580 - PixelEconomy (logger /media/Coding/py/PixelEconomy/logger.py:31) - INFO - logger init! --------------------------------------------------------------------------------------------------------------------------------------------------------------------------------------------------------
2021-03-06 20:48:31,703 - PixelEconomy (db /media/Coding/py/PixelEconomy/db.py:12) - INFO - Database has already been initialised!
2021-03-06 20:49:01,536 - PixelEconomy (logger /media/Coding/py/PixelEconomy/logger.py:31) - INFO - logger init! --------------------------------------------------------------------------------------------------------------------------------------------------------------------------------------------------------
2021-03-06 20:49:01,650 - PixelEconomy (db /media/Coding/py/PixelEconomy/db.py:12) - INFO - Database has already been initialised!
2021-03-06 20:49:37,640 - PixelEconomy (logger /media/Coding/py/PixelEconomy/logger.py:31) - INFO - logger init! --------------------------------------------------------------------------------------------------------------------------------------------------------------------------------------------------------
2021-03-06 20:49:37,742 - PixelEconomy (db /media/Coding/py/PixelEconomy/db.py:12) - INFO - Database has already been initialised!
2021-03-06 20:51:17,387 - PixelEconomy (logger /media/Coding/py/PixelEconomy/logger.py:31) - INFO - logger init! --------------------------------------------------------------------------------------------------------------------------------------------------------------------------------------------------------
2021-03-06 20:51:17,572 - PixelEconomy (db /media/Coding/py/PixelEconomy/db.py:12) - INFO - Database has already been initialised!
2021-03-06 20:51:24,892 - PixelEconomy (logger /media/Coding/py/PixelEconomy/logger.py:31) - INFO - logger init! --------------------------------------------------------------------------------------------------------------------------------------------------------------------------------------------------------
2021-03-06 20:51:24,987 - PixelEconomy (db /media/Coding/py/PixelEconomy/db.py:12) - INFO - Database has already been initialised!
2021-03-06 20:51:43,918 - PixelEconomy (logger /media/Coding/py/PixelEconomy/logger.py:31) - INFO - logger init! --------------------------------------------------------------------------------------------------------------------------------------------------------------------------------------------------------
2021-03-06 20:51:44,079 - PixelEconomy (db /media/Coding/py/PixelEconomy/db.py:12) - INFO - Database has already been initialised!
2021-03-06 20:52:15,373 - PixelEconomy (logger /media/Coding/py/PixelEconomy/logger.py:31) - INFO - logger init! --------------------------------------------------------------------------------------------------------------------------------------------------------------------------------------------------------
2021-03-06 20:52:15,563 - PixelEconomy (db /media/Coding/py/PixelEconomy/db.py:12) - INFO - Database has already been initialised!
2021-03-06 20:53:12,566 - PixelEconomy (app /media/Coding/py/PixelEconomy/app.py:130) - DEBUG - Logged in visit to index: badartist
2021-03-06 20:53:24,164 - PixelEconomy (app /media/Coding/py/PixelEconomy/app.py:130) - DEBUG - Logged in visit to index: badartist
2021-03-06 20:53:29,996 - PixelEconomy (app /media/Coding/py/PixelEconomy/app.py:130) - DEBUG - Logged in visit to index: badartist
2021-03-06 20:53:37,435 - PixelEconomy (app /media/Coding/py/PixelEconomy/app.py:130) - DEBUG - Logged in visit to index: badartist
2021-03-06 20:53:44,807 - PixelEconomy (app /media/Coding/py/PixelEconomy/app.py:130) - DEBUG - Logged in visit to index: badartist
2021-03-06 20:54:06,676 - PixelEconomy (app /media/Coding/py/PixelEconomy/app.py:130) - DEBUG - Logged in visit to index: badartist
2021-03-06 20:56:02,484 - PixelEconomy (logger /media/Coding/py/PixelEconomy/logger.py:31) - INFO - logger init! --------------------------------------------------------------------------------------------------------------------------------------------------------------------------------------------------------
2021-03-06 20:56:02,639 - PixelEconomy (db /media/Coding/py/PixelEconomy/db.py:12) - INFO - Database has already been initialised!
2021-03-06 20:56:09,860 - PixelEconomy (app /media/Coding/py/PixelEconomy/app.py:130) - DEBUG - Logged in visit to index: badartist
2021-03-06 20:56:21,820 - PixelEconomy (app /media/Coding/py/PixelEconomy/app.py:130) - DEBUG - Logged in visit to index: badartist
2021-03-06 20:56:31,971 - PixelEconomy (app /media/Coding/py/PixelEconomy/app.py:130) - DEBUG - Logged in visit to index: badartist
2021-03-06 20:57:39,110 - PixelEconomy (logger /media/Coding/py/PixelEconomy/logger.py:31) - INFO - logger init! --------------------------------------------------------------------------------------------------------------------------------------------------------------------------------------------------------
2021-03-06 20:57:39,226 - PixelEconomy (db /media/Coding/py/PixelEconomy/db.py:12) - INFO - Database has already been initialised!
2021-03-06 20:57:50,863 - PixelEconomy (app /media/Coding/py/PixelEconomy/app.py:130) - DEBUG - Logged in visit to index: badartist
2021-03-06 21:00:12,145 - PixelEconomy (app /media/Coding/py/PixelEconomy/app.py:130) - DEBUG - Logged in visit to index: badartist
2021-03-06 21:00:25,438 - PixelEconomy (app /media/Coding/py/PixelEconomy/app.py:130) - DEBUG - Logged in visit to index: badartist
2021-03-06 21:00:57,353 - PixelEconomy (app /media/Coding/py/PixelEconomy/app.py:130) - DEBUG - Logged in visit to index: badartist
2021-03-06 21:01:39,189 - PixelEconomy (app /media/Coding/py/PixelEconomy/app.py:130) - DEBUG - Logged in visit to index: bicasso
2021-03-06 21:28:32,129 - PixelEconomy (app /media/Coding/py/PixelEconomy/app.py:130) - DEBUG - Logged in visit to index: bicasso
2021-03-06 21:29:10,840 - PixelEconomy (logger /media/Coding/py/PixelEconomy/logger.py:31) - INFO - logger init! --------------------------------------------------------------------------------------------------------------------------------------------------------------------------------------------------------
2021-03-06 21:29:11,087 - PixelEconomy (db /media/Coding/py/PixelEconomy/db.py:12) - INFO - Database has already been initialised!
2021-03-06 21:31:26,337 - PixelEconomy (logger /media/Coding/py/PixelEconomy/logger.py:31) - INFO - logger init! --------------------------------------------------------------------------------------------------------------------------------------------------------------------------------------------------------
2021-03-06 21:31:26,424 - PixelEconomy (db /media/Coding/py/PixelEconomy/db.py:12) - INFO - Database has already been initialised!
2021-03-06 21:32:36,867 - PixelEconomy (logger /media/Coding/py/PixelEconomy/logger.py:31) - INFO - logger init! --------------------------------------------------------------------------------------------------------------------------------------------------------------------------------------------------------
2021-03-06 21:32:36,961 - PixelEconomy (db /media/Coding/py/PixelEconomy/db.py:12) - INFO - Database has already been initialised!
2021-03-06 21:32:48,116 - PixelEconomy (logger /media/Coding/py/PixelEconomy/logger.py:31) - INFO - logger init! --------------------------------------------------------------------------------------------------------------------------------------------------------------------------------------------------------
2021-03-06 21:32:48,213 - PixelEconomy (db /media/Coding/py/PixelEconomy/db.py:12) - INFO - Database has already been initialised!
2021-03-06 21:33:54,352 - PixelEconomy (logger /media/Coding/py/PixelEconomy/logger.py:31) - INFO - logger init! --------------------------------------------------------------------------------------------------------------------------------------------------------------------------------------------------------
2021-03-06 21:33:54,457 - PixelEconomy (db /media/Coding/py/PixelEconomy/db.py:12) - INFO - Database has already been initialised!
2021-03-06 21:34:18,292 - PixelEconomy (logger /media/Coding/py/PixelEconomy/logger.py:31) - INFO - logger init! --------------------------------------------------------------------------------------------------------------------------------------------------------------------------------------------------------
2021-03-06 21:34:18,395 - PixelEconomy (db /media/Coding/py/PixelEconomy/db.py:12) - INFO - Database has already been initialised!
2021-03-06 21:34:45,366 - PixelEconomy (logger /media/Coding/py/PixelEconomy/logger.py:31) - INFO - logger init! --------------------------------------------------------------------------------------------------------------------------------------------------------------------------------------------------------
2021-03-06 21:34:45,480 - PixelEconomy (db /media/Coding/py/PixelEconomy/db.py:12) - INFO - Database has already been initialised!
2021-03-06 21:35:13,391 - PixelEconomy (logger /media/Coding/py/PixelEconomy/logger.py:31) - INFO - logger init! --------------------------------------------------------------------------------------------------------------------------------------------------------------------------------------------------------
2021-03-06 21:35:13,489 - PixelEconomy (db /media/Coding/py/PixelEconomy/db.py:12) - INFO - Database has already been initialised!
2021-03-06 21:35:44,804 - PixelEconomy (logger /media/Coding/py/PixelEconomy/logger.py:31) - INFO - logger init! --------------------------------------------------------------------------------------------------------------------------------------------------------------------------------------------------------
2021-03-06 21:35:44,916 - PixelEconomy (db /media/Coding/py/PixelEconomy/db.py:12) - INFO - Database has already been initialised!
2021-03-06 21:36:05,291 - PixelEconomy (logger /media/Coding/py/PixelEconomy/logger.py:31) - INFO - logger init! --------------------------------------------------------------------------------------------------------------------------------------------------------------------------------------------------------
2021-03-06 21:36:05,401 - PixelEconomy (db /media/Coding/py/PixelEconomy/db.py:12) - INFO - Database has already been initialised!
2021-03-06 21:36:25,668 - PixelEconomy (logger /media/Coding/py/PixelEconomy/logger.py:31) - INFO - logger init! --------------------------------------------------------------------------------------------------------------------------------------------------------------------------------------------------------
2021-03-06 21:36:25,773 - PixelEconomy (db /media/Coding/py/PixelEconomy/db.py:12) - INFO - Database has already been initialised!
2021-03-06 21:36:37,590 - PixelEconomy (logger /media/Coding/py/PixelEconomy/logger.py:31) - INFO - logger init! --------------------------------------------------------------------------------------------------------------------------------------------------------------------------------------------------------
2021-03-06 21:36:37,717 - PixelEconomy (db /media/Coding/py/PixelEconomy/db.py:12) - INFO - Database has already been initialised!
2021-03-06 21:36:57,483 - PixelEconomy (app /media/Coding/py/PixelEconomy/app.py:148) - DEBUG - Logged in visit to index: bicasso
2021-03-06 21:37:15,031 - PixelEconomy (app /media/Coding/py/PixelEconomy/app.py:148) - DEBUG - Logged in visit to index: badartist
2021-03-06 21:37:31,180 - PixelEconomy (app /media/Coding/py/PixelEconomy/app.py:148) - DEBUG - Logged in visit to index: badartist
2021-03-06 21:38:56,151 - PixelEconomy (logger /media/Coding/py/PixelEconomy/logger.py:31) - INFO - logger init! --------------------------------------------------------------------------------------------------------------------------------------------------------------------------------------------------------
2021-03-06 21:38:56,239 - PixelEconomy (db /media/Coding/py/PixelEconomy/db.py:12) - INFO - Database has already been initialised!
2021-03-06 21:39:13,297 - PixelEconomy (app /media/Coding/py/PixelEconomy/app.py:148) - DEBUG - Logged in visit to index: badartist
2021-03-06 21:40:04,525 - PixelEconomy (app /media/Coding/py/PixelEconomy/app.py:148) - DEBUG - Logged in visit to index: badartist
2021-03-06 21:41:55,250 - PixelEconomy (logger /media/Coding/py/PixelEconomy/logger.py:31) - INFO - logger init! --------------------------------------------------------------------------------------------------------------------------------------------------------------------------------------------------------
2021-03-06 21:41:55,342 - PixelEconomy (db /media/Coding/py/PixelEconomy/db.py:12) - INFO - Database has already been initialised!
2021-03-06 21:42:01,168 - PixelEconomy (app /media/Coding/py/PixelEconomy/app.py:152) - DEBUG - Logged in visit to index: badartist
2021-03-06 21:44:48,492 - PixelEconomy (logger /media/Coding/py/PixelEconomy/logger.py:31) - INFO - logger init! --------------------------------------------------------------------------------------------------------------------------------------------------------------------------------------------------------
2021-03-06 21:44:48,603 - PixelEconomy (db /media/Coding/py/PixelEconomy/db.py:12) - INFO - Database has already been initialised!
2021-03-06 21:45:01,462 - PixelEconomy (logger /media/Coding/py/PixelEconomy/logger.py:31) - INFO - logger init! --------------------------------------------------------------------------------------------------------------------------------------------------------------------------------------------------------
2021-03-06 21:45:01,568 - PixelEconomy (db /media/Coding/py/PixelEconomy/db.py:12) - INFO - Database has already been initialised!
2021-03-06 21:45:24,449 - PixelEconomy (logger /media/Coding/py/PixelEconomy/logger.py:31) - INFO - logger init! --------------------------------------------------------------------------------------------------------------------------------------------------------------------------------------------------------
2021-03-06 21:45:24,549 - PixelEconomy (db /media/Coding/py/PixelEconomy/db.py:12) - INFO - Database has already been initialised!
2021-03-06 21:49:11,065 - PixelEconomy (logger /media/Coding/py/PixelEconomy/logger.py:31) - INFO - logger init! --------------------------------------------------------------------------------------------------------------------------------------------------------------------------------------------------------
2021-03-06 21:49:11,149 - PixelEconomy (db /media/Coding/py/PixelEconomy/db.py:12) - INFO - Database has already been initialised!
2021-03-06 21:51:48,174 - PixelEconomy (logger /media/Coding/py/PixelEconomy/logger.py:31) - INFO - logger init! --------------------------------------------------------------------------------------------------------------------------------------------------------------------------------------------------------
2021-03-06 21:51:48,286 - PixelEconomy (db /media/Coding/py/PixelEconomy/db.py:12) - INFO - Database has already been initialised!
2021-03-06 21:52:06,662 - PixelEconomy (logger /media/Coding/py/PixelEconomy/logger.py:31) - INFO - logger init! --------------------------------------------------------------------------------------------------------------------------------------------------------------------------------------------------------
2021-03-06 21:52:06,767 - PixelEconomy (db /media/Coding/py/PixelEconomy/db.py:12) - INFO - Database has already been initialised!
2021-03-06 21:52:16,596 - PixelEconomy (logger /media/Coding/py/PixelEconomy/logger.py:31) - INFO - logger init! --------------------------------------------------------------------------------------------------------------------------------------------------------------------------------------------------------
2021-03-06 21:52:16,694 - PixelEconomy (db /media/Coding/py/PixelEconomy/db.py:12) - INFO - Database has already been initialised!
2021-03-06 21:52:44,077 - PixelEconomy (logger /media/Coding/py/PixelEconomy/logger.py:31) - INFO - logger init! --------------------------------------------------------------------------------------------------------------------------------------------------------------------------------------------------------
2021-03-06 21:52:44,187 - PixelEconomy (db /media/Coding/py/PixelEconomy/db.py:12) - INFO - Database has already been initialised!
2021-03-06 21:56:27,731 - PixelEconomy (logger /media/Coding/py/PixelEconomy/logger.py:31) - INFO - logger init! --------------------------------------------------------------------------------------------------------------------------------------------------------------------------------------------------------
2021-03-06 21:56:27,844 - PixelEconomy (db /media/Coding/py/PixelEconomy/db.py:12) - INFO - Database has already been initialised!
2021-03-06 21:57:17,308 - PixelEconomy (logger /media/Coding/py/PixelEconomy/logger.py:31) - INFO - logger init! --------------------------------------------------------------------------------------------------------------------------------------------------------------------------------------------------------
2021-03-06 21:57:17,400 - PixelEconomy (db /media/Coding/py/PixelEconomy/db.py:12) - INFO - Database has already been initialised!
2021-03-06 22:02:58,127 - PixelEconomy (logger /media/Coding/py/PixelEconomy/logger.py:31) - INFO - logger init! --------------------------------------------------------------------------------------------------------------------------------------------------------------------------------------------------------
2021-03-06 22:02:58,243 - PixelEconomy (db /media/Coding/py/PixelEconomy/db.py:12) - INFO - Database has already been initialised!
2021-03-06 22:05:11,156 - PixelEconomy (logger /media/Coding/py/PixelEconomy/logger.py:31) - INFO - logger init! --------------------------------------------------------------------------------------------------------------------------------------------------------------------------------------------------------
2021-03-06 22:05:11,272 - PixelEconomy (db /media/Coding/py/PixelEconomy/db.py:12) - INFO - Database has already been initialised!
2021-03-06 22:05:32,031 - PixelEconomy (app /media/Coding/py/PixelEconomy/app.py:152) - DEBUG - Logged in visit to index: badartist
2021-03-06 22:06:06,213 - PixelEconomy (app /media/Coding/py/PixelEconomy/app.py:152) - DEBUG - Logged in visit to index: badartist
2021-03-06 22:09:55,062 - PixelEconomy (logger /media/Coding/py/PixelEconomy/logger.py:31) - INFO - logger init! --------------------------------------------------------------------------------------------------------------------------------------------------------------------------------------------------------
2021-03-06 22:09:55,285 - PixelEconomy (db /media/Coding/py/PixelEconomy/db.py:12) - INFO - Database has already been initialised!
2021-03-06 22:10:09,207 - PixelEconomy (logger /media/Coding/py/PixelEconomy/logger.py:31) - INFO - logger init! --------------------------------------------------------------------------------------------------------------------------------------------------------------------------------------------------------
2021-03-06 22:10:09,317 - PixelEconomy (db /media/Coding/py/PixelEconomy/db.py:12) - INFO - Database has already been initialised!
2021-03-06 22:10:19,679 - PixelEconomy (app /media/Coding/py/PixelEconomy/app.py:154) - DEBUG - Logged in visit to index: ilikemountains
2021-03-06 22:10:28,634 - PixelEconomy (logger /media/Coding/py/PixelEconomy/logger.py:31) - INFO - logger init! --------------------------------------------------------------------------------------------------------------------------------------------------------------------------------------------------------
2021-03-06 22:10:28,856 - PixelEconomy (db /media/Coding/py/PixelEconomy/db.py:12) - INFO - Database has already been initialised!
2021-03-06 22:10:40,346 - PixelEconomy (logger /media/Coding/py/PixelEconomy/logger.py:31) - INFO - logger init! --------------------------------------------------------------------------------------------------------------------------------------------------------------------------------------------------------
2021-03-06 22:10:40,605 - PixelEconomy (db /media/Coding/py/PixelEconomy/db.py:12) - INFO - Database has already been initialised!
2021-03-06 22:11:25,791 - PixelEconomy (logger /media/Coding/py/PixelEconomy/logger.py:31) - INFO - logger init! --------------------------------------------------------------------------------------------------------------------------------------------------------------------------------------------------------
2021-03-06 22:11:25,897 - PixelEconomy (db /media/Coding/py/PixelEconomy/db.py:12) - INFO - Database has already been initialised!
2021-03-06 22:11:33,870 - PixelEconomy (logger /media/Coding/py/PixelEconomy/logger.py:31) - INFO - logger init! --------------------------------------------------------------------------------------------------------------------------------------------------------------------------------------------------------
2021-03-06 22:11:34,128 - PixelEconomy (db /media/Coding/py/PixelEconomy/db.py:127) - INFO - Initialised database!
2021-03-06 22:11:41,627 - PixelEconomy (logger /media/Coding/py/PixelEconomy/logger.py:31) - INFO - logger init! --------------------------------------------------------------------------------------------------------------------------------------------------------------------------------------------------------
2021-03-06 22:11:41,876 - PixelEconomy (db /media/Coding/py/PixelEconomy/db.py:127) - INFO - Initialised database!
2021-03-06 22:12:11,771 - PixelEconomy (app /media/Coding/py/PixelEconomy/app.py:154) - DEBUG - Logged in visit to index: ilikemountains
2021-03-06 22:13:03,326 - PixelEconomy (app /media/Coding/py/PixelEconomy/app.py:154) - DEBUG - Logged in visit to index: ilikemountains
2021-03-06 22:13:06,877 - PixelEconomy (app /media/Coding/py/PixelEconomy/app.py:154) - DEBUG - Logged in visit to index: ilikemountains
2021-03-06 22:13:10,171 - PixelEconomy (app /media/Coding/py/PixelEconomy/app.py:154) - DEBUG - Logged in visit to index: ilikemountains
2021-03-06 22:13:19,962 - PixelEconomy (app /media/Coding/py/PixelEconomy/app.py:154) - DEBUG - Logged in visit to index: ilikemountains
2021-03-06 22:13:49,181 - PixelEconomy (app /media/Coding/py/PixelEconomy/app.py:154) - DEBUG - Logged in visit to index: ilikemountains
2021-03-06 22:17:16,653 - PixelEconomy (logger /media/Coding/py/PixelEconomy/logger.py:31) - INFO - logger init! --------------------------------------------------------------------------------------------------------------------------------------------------------------------------------------------------------
2021-03-06 22:17:16,910 - PixelEconomy (db /media/Coding/py/PixelEconomy/db.py:127) - INFO - Initialised database!
2021-03-06 22:17:44,245 - PixelEconomy (logger /media/Coding/py/PixelEconomy/logger.py:31) - INFO - logger init! --------------------------------------------------------------------------------------------------------------------------------------------------------------------------------------------------------
2021-03-06 22:17:44,518 - PixelEconomy (db /media/Coding/py/PixelEconomy/db.py:127) - INFO - Initialised database!
2021-03-06 22:18:05,235 - PixelEconomy (logger /media/Coding/py/PixelEconomy/logger.py:31) - INFO - logger init! --------------------------------------------------------------------------------------------------------------------------------------------------------------------------------------------------------
2021-03-06 22:18:05,493 - PixelEconomy (db /media/Coding/py/PixelEconomy/db.py:127) - INFO - Initialised database!
2021-03-06 22:18:43,803 - PixelEconomy (logger /media/Coding/py/PixelEconomy/logger.py:31) - INFO - logger init! --------------------------------------------------------------------------------------------------------------------------------------------------------------------------------------------------------
2021-03-06 22:18:44,090 - PixelEconomy (db /media/Coding/py/PixelEconomy/db.py:127) - INFO - Initialised database!
2021-03-06 22:19:28,418 - PixelEconomy (app /media/Coding/py/PixelEconomy/app.py:152) - DEBUG - Logged in visit to index: ilikemountains
2021-03-06 22:28:59,971 - PixelEconomy (app /media/Coding/py/PixelEconomy/app.py:152) - DEBUG - Logged in visit to index: ilikemountains
2021-03-06 22:29:06,079 - PixelEconomy (app /media/Coding/py/PixelEconomy/app.py:152) - DEBUG - Logged in visit to index: ilikemountains
2021-03-06 22:29:09,871 - PixelEconomy (app /media/Coding/py/PixelEconomy/app.py:152) - DEBUG - Logged in visit to index: ilikemountains
2021-03-06 22:29:14,387 - PixelEconomy (app /media/Coding/py/PixelEconomy/app.py:152) - DEBUG - Logged in visit to index: ilikemountains
2021-03-06 22:30:03,375 - PixelEconomy (app /media/Coding/py/PixelEconomy/app.py:152) - DEBUG - Logged in visit to index: ilikemountains
2021-03-06 22:33:39,157 - PixelEconomy (logger /media/Coding/py/PixelEconomy/logger.py:31) - INFO - logger init! --------------------------------------------------------------------------------------------------------------------------------------------------------------------------------------------------------
2021-03-06 22:33:39,401 - PixelEconomy (db /media/Coding/py/PixelEconomy/db.py:127) - INFO - Initialised database!
2021-03-06 22:34:54,094 - PixelEconomy (logger /media/Coding/py/PixelEconomy/logger.py:31) - INFO - logger init! --------------------------------------------------------------------------------------------------------------------------------------------------------------------------------------------------------
2021-03-06 22:34:54,355 - PixelEconomy (db /media/Coding/py/PixelEconomy/db.py:134) - INFO - Initialised database!
2021-03-06 22:35:12,107 - PixelEconomy (logger /media/Coding/py/PixelEconomy/logger.py:31) - INFO - logger init! --------------------------------------------------------------------------------------------------------------------------------------------------------------------------------------------------------
2021-03-06 22:35:12,202 - PixelEconomy (db /media/Coding/py/PixelEconomy/db.py:12) - INFO - Database has already been initialised!
2021-03-06 22:35:21,819 - PixelEconomy (logger /media/Coding/py/PixelEconomy/logger.py:31) - INFO - logger init! --------------------------------------------------------------------------------------------------------------------------------------------------------------------------------------------------------
2021-03-06 22:35:21,926 - PixelEconomy (db /media/Coding/py/PixelEconomy/db.py:12) - INFO - Database has already been initialised!
2021-03-06 22:35:45,347 - PixelEconomy (logger /media/Coding/py/PixelEconomy/logger.py:31) - INFO - logger init! --------------------------------------------------------------------------------------------------------------------------------------------------------------------------------------------------------
2021-03-06 22:35:45,450 - PixelEconomy (db /media/Coding/py/PixelEconomy/db.py:12) - INFO - Database has already been initialised!
2021-03-06 22:35:55,718 - PixelEconomy (app /media/Coding/py/PixelEconomy/app.py:156) - DEBUG - Logged in visit to index: test
2021-03-06 22:36:03,086 - PixelEconomy (app /media/Coding/py/PixelEconomy/app.py:156) - DEBUG - Logged in visit to index: test
2021-03-06 22:36:44,806 - PixelEconomy (app /media/Coding/py/PixelEconomy/app.py:156) - DEBUG - Logged in visit to index: test
2021-03-06 22:39:57,801 - PixelEconomy (logger /media/Coding/py/PixelEconomy/logger.py:31) - INFO - logger init! --------------------------------------------------------------------------------------------------------------------------------------------------------------------------------------------------------
2021-03-06 22:39:57,919 - PixelEconomy (db /media/Coding/py/PixelEconomy/db.py:12) - INFO - Database has already been initialised!
2021-03-06 22:43:45,484 - PixelEconomy (logger /media/Coding/py/PixelEconomy/logger.py:31) - INFO - logger init! --------------------------------------------------------------------------------------------------------------------------------------------------------------------------------------------------------
2021-03-06 22:43:45,576 - PixelEconomy (db /media/Coding/py/PixelEconomy/db.py:12) - INFO - Database has already been initialised!
2021-03-06 22:44:18,133 - PixelEconomy (logger /media/Coding/py/PixelEconomy/logger.py:31) - INFO - logger init! --------------------------------------------------------------------------------------------------------------------------------------------------------------------------------------------------------
2021-03-06 22:44:18,285 - PixelEconomy (db /media/Coding/py/PixelEconomy/db.py:12) - INFO - Database has already been initialised!
2021-03-06 22:46:09,224 - PixelEconomy (logger /media/Coding/py/PixelEconomy/logger.py:31) - INFO - logger init! --------------------------------------------------------------------------------------------------------------------------------------------------------------------------------------------------------
2021-03-06 22:46:09,494 - PixelEconomy (db /media/Coding/py/PixelEconomy/db.py:12) - INFO - Database has already been initialised!
2021-03-06 22:47:56,394 - PixelEconomy (logger /media/Coding/py/PixelEconomy/logger.py:31) - INFO - logger init! --------------------------------------------------------------------------------------------------------------------------------------------------------------------------------------------------------
2021-03-06 22:47:56,655 - PixelEconomy (db /media/Coding/py/PixelEconomy/db.py:12) - INFO - Database has already been initialised!
2021-03-06 22:48:09,706 - PixelEconomy (logger /media/Coding/py/PixelEconomy/logger.py:31) - INFO - logger init! --------------------------------------------------------------------------------------------------------------------------------------------------------------------------------------------------------
2021-03-06 22:48:09,967 - PixelEconomy (db /media/Coding/py/PixelEconomy/db.py:12) - INFO - Database has already been initialised!
2021-03-06 22:48:29,288 - PixelEconomy (logger /media/Coding/py/PixelEconomy/logger.py:31) - INFO - logger init! --------------------------------------------------------------------------------------------------------------------------------------------------------------------------------------------------------
2021-03-06 22:48:29,565 - PixelEconomy (db /media/Coding/py/PixelEconomy/db.py:12) - INFO - Database has already been initialised!
2021-03-06 22:48:47,022 - PixelEconomy (logger /media/Coding/py/PixelEconomy/logger.py:31) - INFO - logger init! --------------------------------------------------------------------------------------------------------------------------------------------------------------------------------------------------------
2021-03-06 22:48:47,297 - PixelEconomy (db /media/Coding/py/PixelEconomy/db.py:12) - INFO - Database has already been initialised!
2021-03-06 22:49:24,764 - PixelEconomy (logger /media/Coding/py/PixelEconomy/logger.py:31) - INFO - logger init! --------------------------------------------------------------------------------------------------------------------------------------------------------------------------------------------------------
2021-03-06 22:49:25,032 - PixelEconomy (db /media/Coding/py/PixelEconomy/db.py:12) - INFO - Database has already been initialised!
2021-03-06 22:53:45,395 - PixelEconomy (logger /media/Coding/py/PixelEconomy/logger.py:31) - INFO - logger init! --------------------------------------------------------------------------------------------------------------------------------------------------------------------------------------------------------
2021-03-06 22:53:45,669 - PixelEconomy (db /media/Coding/py/PixelEconomy/db.py:12) - INFO - Database has already been initialised!
2021-03-06 22:56:15,486 - PixelEconomy (logger /media/Coding/py/PixelEconomy/logger.py:31) - INFO - logger init! --------------------------------------------------------------------------------------------------------------------------------------------------------------------------------------------------------
2021-03-06 22:56:15,762 - PixelEconomy (db /media/Coding/py/PixelEconomy/db.py:12) - INFO - Database has already been initialised!
2021-03-06 23:00:11,238 - PixelEconomy (logger /media/Coding/py/PixelEconomy/logger.py:31) - INFO - logger init! --------------------------------------------------------------------------------------------------------------------------------------------------------------------------------------------------------
2021-03-06 23:00:11,335 - PixelEconomy (db /media/Coding/py/PixelEconomy/db.py:12) - INFO - Database has already been initialised!
2021-03-06 23:01:19,557 - PixelEconomy (logger /media/Coding/py/PixelEconomy/logger.py:31) - INFO - logger init! --------------------------------------------------------------------------------------------------------------------------------------------------------------------------------------------------------
2021-03-06 23:01:19,721 - PixelEconomy (db /media/Coding/py/PixelEconomy/db.py:12) - INFO - Database has already been initialised!
2021-03-06 23:01:51,414 - PixelEconomy (logger /media/Coding/py/PixelEconomy/logger.py:31) - INFO - logger init! --------------------------------------------------------------------------------------------------------------------------------------------------------------------------------------------------------
2021-03-06 23:01:51,518 - PixelEconomy (db /media/Coding/py/PixelEconomy/db.py:12) - INFO - Database has already been initialised!
2021-03-06 23:02:30,483 - PixelEconomy (logger /media/Coding/py/PixelEconomy/logger.py:31) - INFO - logger init! --------------------------------------------------------------------------------------------------------------------------------------------------------------------------------------------------------
2021-03-06 23:02:30,704 - PixelEconomy (db /media/Coding/py/PixelEconomy/db.py:134) - INFO - Initialised database!
2021-03-06 23:02:34,802 - PixelEconomy (logger /media/Coding/py/PixelEconomy/logger.py:31) - INFO - logger init! --------------------------------------------------------------------------------------------------------------------------------------------------------------------------------------------------------
2021-03-06 23:02:34,898 - PixelEconomy (db /media/Coding/py/PixelEconomy/db.py:12) - INFO - Database has already been initialised!
2021-03-06 23:02:46,253 - PixelEconomy (logger /media/Coding/py/PixelEconomy/logger.py:31) - INFO - logger init! --------------------------------------------------------------------------------------------------------------------------------------------------------------------------------------------------------
2021-03-06 23:02:46,367 - PixelEconomy (db /media/Coding/py/PixelEconomy/db.py:12) - INFO - Database has already been initialised!
2021-03-06 23:03:02,046 - PixelEconomy (logger /media/Coding/py/PixelEconomy/logger.py:31) - INFO - logger init! --------------------------------------------------------------------------------------------------------------------------------------------------------------------------------------------------------
2021-03-06 23:03:02,144 - PixelEconomy (db /media/Coding/py/PixelEconomy/db.py:12) - INFO - Database has already been initialised!
2021-03-06 23:04:12,567 - PixelEconomy (logger /media/Coding/py/PixelEconomy/logger.py:31) - INFO - logger init! --------------------------------------------------------------------------------------------------------------------------------------------------------------------------------------------------------
2021-03-06 23:04:12,833 - PixelEconomy (db /media/Coding/py/PixelEconomy/db.py:134) - INFO - Initialised database!
2021-03-06 23:04:22,580 - PixelEconomy (logger /media/Coding/py/PixelEconomy/logger.py:31) - INFO - logger init! --------------------------------------------------------------------------------------------------------------------------------------------------------------------------------------------------------
2021-03-06 23:04:22,693 - PixelEconomy (db /media/Coding/py/PixelEconomy/db.py:12) - INFO - Database has already been initialised!
2021-03-06 23:05:42,792 - PixelEconomy (app /media/Coding/py/PixelEconomy/app.py:157) - DEBUG - Logged in visit to index: test
2021-03-06 23:08:02,091 - PixelEconomy (logger /media/Coding/py/PixelEconomy/logger.py:31) - INFO - logger init! --------------------------------------------------------------------------------------------------------------------------------------------------------------------------------------------------------
2021-03-06 23:08:02,194 - PixelEconomy (db /media/Coding/py/PixelEconomy/db.py:12) - INFO - Database has already been initialised!
2021-03-06 23:08:06,656 - PixelEconomy (logger /media/Coding/py/PixelEconomy/logger.py:31) - INFO - logger init! --------------------------------------------------------------------------------------------------------------------------------------------------------------------------------------------------------
2021-03-06 23:08:06,765 - PixelEconomy (db /media/Coding/py/PixelEconomy/db.py:12) - INFO - Database has already been initialised!
2021-03-06 23:08:18,882 - PixelEconomy (logger /media/Coding/py/PixelEconomy/logger.py:31) - INFO - logger init! --------------------------------------------------------------------------------------------------------------------------------------------------------------------------------------------------------
2021-03-06 23:08:18,985 - PixelEconomy (db /media/Coding/py/PixelEconomy/db.py:12) - INFO - Database has already been initialised!
2021-03-06 23:09:23,541 - PixelEconomy (app /media/Coding/py/PixelEconomy/app.py:157) - DEBUG - Logged in visit to index: test
2021-03-06 23:17:06,299 - PixelEconomy (logger /media/Coding/py/PixelEconomy/logger.py:31) - INFO - logger init! --------------------------------------------------------------------------------------------------------------------------------------------------------------------------------------------------------
2021-03-06 23:17:06,411 - PixelEconomy (db /media/Coding/py/PixelEconomy/db.py:12) - INFO - Database has already been initialised!
2021-03-06 23:17:40,519 - PixelEconomy (logger /media/Coding/py/PixelEconomy/logger.py:31) - INFO - logger init! --------------------------------------------------------------------------------------------------------------------------------------------------------------------------------------------------------
2021-03-06 23:17:40,676 - PixelEconomy (db /media/Coding/py/PixelEconomy/db.py:12) - INFO - Database has already been initialised!
2021-03-06 23:17:54,607 - PixelEconomy (logger /media/Coding/py/PixelEconomy/logger.py:31) - INFO - logger init! --------------------------------------------------------------------------------------------------------------------------------------------------------------------------------------------------------
2021-03-06 23:17:54,770 - PixelEconomy (db /media/Coding/py/PixelEconomy/db.py:12) - INFO - Database has already been initialised!
2021-03-06 23:18:16,323 - PixelEconomy (logger /media/Coding/py/PixelEconomy/logger.py:31) - INFO - logger init! --------------------------------------------------------------------------------------------------------------------------------------------------------------------------------------------------------
2021-03-06 23:18:16,467 - PixelEconomy (db /media/Coding/py/PixelEconomy/db.py:12) - INFO - Database has already been initialised!
2021-03-06 23:18:56,168 - PixelEconomy (app /media/Coding/py/PixelEconomy/app.py:158) - DEBUG - Logged in visit to index: test
2021-03-06 23:19:14,904 - PixelEconomy (logger /media/Coding/py/PixelEconomy/logger.py:31) - INFO - logger init! --------------------------------------------------------------------------------------------------------------------------------------------------------------------------------------------------------
2021-03-06 23:19:15,090 - PixelEconomy (db /media/Coding/py/PixelEconomy/db.py:12) - INFO - Database has already been initialised!
2021-03-06 23:24:10,500 - PixelEconomy (logger /media/Coding/py/PixelEconomy/logger.py:31) - INFO - logger init! --------------------------------------------------------------------------------------------------------------------------------------------------------------------------------------------------------
2021-03-06 23:24:10,600 - PixelEconomy (db /media/Coding/py/PixelEconomy/db.py:12) - INFO - Database has already been initialised!
2021-03-06 23:24:45,188 - PixelEconomy (logger /media/Coding/py/PixelEconomy/logger.py:31) - INFO - logger init! --------------------------------------------------------------------------------------------------------------------------------------------------------------------------------------------------------
2021-03-06 23:24:45,300 - PixelEconomy (db /media/Coding/py/PixelEconomy/db.py:12) - INFO - Database has already been initialised!
2021-03-06 23:25:39,202 - PixelEconomy (logger /media/Coding/py/PixelEconomy/logger.py:31) - INFO - logger init! --------------------------------------------------------------------------------------------------------------------------------------------------------------------------------------------------------
2021-03-06 23:25:39,350 - PixelEconomy (db /media/Coding/py/PixelEconomy/db.py:12) - INFO - Database has already been initialised!
2021-03-06 23:29:57,534 - PixelEconomy (logger /media/Coding/py/PixelEconomy/logger.py:31) - INFO - logger init! --------------------------------------------------------------------------------------------------------------------------------------------------------------------------------------------------------
2021-03-06 23:29:57,678 - PixelEconomy (db /media/Coding/py/PixelEconomy/db.py:12) - INFO - Database has already been initialised!
2021-03-06 23:30:14,373 - PixelEconomy (logger /media/Coding/py/PixelEconomy/logger.py:31) - INFO - logger init! --------------------------------------------------------------------------------------------------------------------------------------------------------------------------------------------------------
2021-03-06 23:30:14,616 - PixelEconomy (db /media/Coding/py/PixelEconomy/db.py:12) - INFO - Database has already been initialised!
2021-03-06 23:32:09,292 - PixelEconomy (logger /media/Coding/py/PixelEconomy/logger.py:31) - INFO - logger init! --------------------------------------------------------------------------------------------------------------------------------------------------------------------------------------------------------
2021-03-06 23:32:09,698 - PixelEconomy (db /media/Coding/py/PixelEconomy/db.py:12) - INFO - Database has already been initialised!
2021-03-06 23:33:48,509 - PixelEconomy (logger /media/Coding/py/PixelEconomy/logger.py:31) - INFO - logger init! --------------------------------------------------------------------------------------------------------------------------------------------------------------------------------------------------------
2021-03-06 23:33:48,838 - PixelEconomy (db /media/Coding/py/PixelEconomy/db.py:12) - INFO - Database has already been initialised!
2021-03-06 23:35:11,127 - PixelEconomy (logger /media/Coding/py/PixelEconomy/logger.py:31) - INFO - logger init! --------------------------------------------------------------------------------------------------------------------------------------------------------------------------------------------------------
2021-03-06 23:35:11,225 - PixelEconomy (db /media/Coding/py/PixelEconomy/db.py:12) - INFO - Database has already been initialised!
2021-03-06 23:35:15,575 - PixelEconomy (app /media/Coding/py/PixelEconomy/app.py:161) - DEBUG - Logged in visit to index: test
2021-03-06 23:35:19,386 - PixelEconomy (app /media/Coding/py/PixelEconomy/app.py:161) - DEBUG - Logged in visit to index: test
2021-03-06 23:36:34,337 - PixelEconomy (logger /media/Coding/py/PixelEconomy/logger.py:31) - INFO - logger init! --------------------------------------------------------------------------------------------------------------------------------------------------------------------------------------------------------
2021-03-06 23:36:34,439 - PixelEconomy (db /media/Coding/py/PixelEconomy/db.py:12) - INFO - Database has already been initialised!
2021-03-06 23:36:53,461 - PixelEconomy (app /media/Coding/py/PixelEconomy/app.py:161) - DEBUG - Logged in visit to index: test
2021-03-06 23:42:35,587 - PixelEconomy (app /media/Coding/py/PixelEconomy/app.py:161) - DEBUG - Logged in visit to index: test
2021-03-06 23:42:46,265 - PixelEconomy (logger /media/Coding/py/PixelEconomy/logger.py:31) - INFO - logger init! --------------------------------------------------------------------------------------------------------------------------------------------------------------------------------------------------------
2021-03-06 23:42:46,519 - PixelEconomy (db /media/Coding/py/PixelEconomy/db.py:12) - INFO - Database has already been initialised!
2021-03-06 23:43:32,145 - PixelEconomy (logger /media/Coding/py/PixelEconomy/logger.py:31) - INFO - logger init! --------------------------------------------------------------------------------------------------------------------------------------------------------------------------------------------------------
2021-03-06 23:43:32,348 - PixelEconomy (db /media/Coding/py/PixelEconomy/db.py:12) - INFO - Database has already been initialised!
2021-03-06 23:43:46,322 - PixelEconomy (logger /media/Coding/py/PixelEconomy/logger.py:31) - INFO - logger init! --------------------------------------------------------------------------------------------------------------------------------------------------------------------------------------------------------
2021-03-06 23:43:46,621 - PixelEconomy (db /media/Coding/py/PixelEconomy/db.py:12) - INFO - Database has already been initialised!
2021-03-06 23:44:56,613 - PixelEconomy (app /media/Coding/py/PixelEconomy/app.py:161) - DEBUG - Logged in visit to index: test
2021-03-06 23:47:02,750 - PixelEconomy (logger /media/Coding/py/PixelEconomy/logger.py:31) - INFO - logger init! --------------------------------------------------------------------------------------------------------------------------------------------------------------------------------------------------------
2021-03-06 23:47:02,852 - PixelEconomy (db /media/Coding/py/PixelEconomy/db.py:12) - INFO - Database has already been initialised!
2021-03-06 23:47:20,774 - PixelEconomy (logger /media/Coding/py/PixelEconomy/logger.py:31) - INFO - logger init! --------------------------------------------------------------------------------------------------------------------------------------------------------------------------------------------------------
2021-03-06 23:47:20,868 - PixelEconomy (db /media/Coding/py/PixelEconomy/db.py:12) - INFO - Database has already been initialised!
2021-03-06 23:48:31,809 - PixelEconomy (logger /media/Coding/py/PixelEconomy/logger.py:31) - INFO - logger init! --------------------------------------------------------------------------------------------------------------------------------------------------------------------------------------------------------
2021-03-06 23:48:31,908 - PixelEconomy (db /media/Coding/py/PixelEconomy/db.py:12) - INFO - Database has already been initialised!
2021-03-06 23:48:50,615 - PixelEconomy (app /media/Coding/py/PixelEconomy/app.py:162) - DEBUG - Logged in visit to index: test
2021-03-06 23:49:47,559 - PixelEconomy (logger /media/Coding/py/PixelEconomy/logger.py:31) - INFO - logger init! --------------------------------------------------------------------------------------------------------------------------------------------------------------------------------------------------------
2021-03-06 23:49:47,662 - PixelEconomy (db /media/Coding/py/PixelEconomy/db.py:12) - INFO - Database has already been initialised!
2021-03-06 23:50:37,771 - PixelEconomy (logger /media/Coding/py/PixelEconomy/logger.py:31) - INFO - logger init! --------------------------------------------------------------------------------------------------------------------------------------------------------------------------------------------------------
2021-03-06 23:50:37,910 - PixelEconomy (db /media/Coding/py/PixelEconomy/db.py:12) - INFO - Database has already been initialised!
2021-03-06 23:51:02,597 - PixelEconomy (app /media/Coding/py/PixelEconomy/app.py:162) - DEBUG - Logged in visit to index: test
2021-03-06 23:53:42,495 - PixelEconomy (logger /media/Coding/py/PixelEconomy/logger.py:31) - INFO - logger init! --------------------------------------------------------------------------------------------------------------------------------------------------------------------------------------------------------
2021-03-06 23:53:42,613 - PixelEconomy (db /media/Coding/py/PixelEconomy/db.py:12) - INFO - Database has already been initialised!
2021-03-06 23:53:59,049 - PixelEconomy (logger /media/Coding/py/PixelEconomy/logger.py:31) - INFO - logger init! --------------------------------------------------------------------------------------------------------------------------------------------------------------------------------------------------------
2021-03-06 23:53:59,140 - PixelEconomy (db /media/Coding/py/PixelEconomy/db.py:12) - INFO - Database has already been initialised!
2021-03-06 23:54:34,391 - PixelEconomy (app /media/Coding/py/PixelEconomy/app.py:162) - DEBUG - Logged in visit to index: test
2021-03-06 23:57:01,372 - PixelEconomy (app /media/Coding/py/PixelEconomy/app.py:162) - DEBUG - Logged in visit to index: test
2021-03-07 00:02:07,432 - PixelEconomy (logger /media/Coding/py/PixelEconomy/logger.py:31) - INFO - logger init! --------------------------------------------------------------------------------------------------------------------------------------------------------------------------------------------------------
2021-03-07 00:02:07,534 - PixelEconomy (db /media/Coding/py/PixelEconomy/db.py:12) - INFO - Database has already been initialised!
2021-03-07 00:02:26,687 - PixelEconomy (logger /media/Coding/py/PixelEconomy/logger.py:31) - INFO - logger init! --------------------------------------------------------------------------------------------------------------------------------------------------------------------------------------------------------
2021-03-07 00:02:26,791 - PixelEconomy (db /media/Coding/py/PixelEconomy/db.py:12) - INFO - Database has already been initialised!
2021-03-07 00:08:02,712 - PixelEconomy (logger /media/Coding/py/PixelEconomy/logger.py:31) - INFO - logger init! --------------------------------------------------------------------------------------------------------------------------------------------------------------------------------------------------------
2021-03-07 00:08:02,967 - PixelEconomy (db /media/Coding/py/PixelEconomy/db.py:12) - INFO - Database has already been initialised!
2021-03-07 00:08:15,746 - PixelEconomy (logger /media/Coding/py/PixelEconomy/logger.py:31) - INFO - logger init! --------------------------------------------------------------------------------------------------------------------------------------------------------------------------------------------------------
2021-03-07 00:08:15,990 - PixelEconomy (db /media/Coding/py/PixelEconomy/db.py:12) - INFO - Database has already been initialised!
2021-03-07 00:08:53,186 - PixelEconomy (logger /media/Coding/py/PixelEconomy/logger.py:31) - INFO - logger init! --------------------------------------------------------------------------------------------------------------------------------------------------------------------------------------------------------
2021-03-07 00:08:53,404 - PixelEconomy (db /media/Coding/py/PixelEconomy/db.py:12) - INFO - Database has already been initialised!
2021-03-07 00:08:58,976 - PixelEconomy (logger /media/Coding/py/PixelEconomy/logger.py:31) - INFO - logger init! --------------------------------------------------------------------------------------------------------------------------------------------------------------------------------------------------------
2021-03-07 00:08:59,214 - PixelEconomy (db /media/Coding/py/PixelEconomy/db.py:12) - INFO - Database has already been initialised!
2021-03-07 00:09:11,898 - PixelEconomy (app /media/Coding/py/PixelEconomy/app.py:162) - DEBUG - Logged in visit to index: test
2021-03-07 00:09:35,560 - PixelEconomy (logger /media/Coding/py/PixelEconomy/logger.py:31) - INFO - logger init! --------------------------------------------------------------------------------------------------------------------------------------------------------------------------------------------------------
2021-03-07 00:09:35,821 - PixelEconomy (db /media/Coding/py/PixelEconomy/db.py:12) - INFO - Database has already been initialised!
2021-03-07 00:15:53,469 - PixelEconomy (logger /media/Coding/py/PixelEconomy/logger.py:31) - INFO - logger init! --------------------------------------------------------------------------------------------------------------------------------------------------------------------------------------------------------
2021-03-07 00:15:53,717 - PixelEconomy (db /media/Coding/py/PixelEconomy/db.py:12) - INFO - Database has already been initialised!
2021-03-07 00:16:12,561 - PixelEconomy (logger /media/Coding/py/PixelEconomy/logger.py:31) - INFO - logger init! --------------------------------------------------------------------------------------------------------------------------------------------------------------------------------------------------------
2021-03-07 00:16:12,810 - PixelEconomy (db /media/Coding/py/PixelEconomy/db.py:12) - INFO - Database has already been initialised!
2021-03-07 00:20:33,545 - PixelEconomy (logger /media/Coding/py/PixelEconomy/logger.py:31) - INFO - logger init! --------------------------------------------------------------------------------------------------------------------------------------------------------------------------------------------------------
2021-03-07 00:20:33,641 - PixelEconomy (db /media/Coding/py/PixelEconomy/db.py:12) - INFO - Database has already been initialised!
2021-03-07 00:20:52,360 - PixelEconomy (logger /media/Coding/py/PixelEconomy/logger.py:31) - INFO - logger init! --------------------------------------------------------------------------------------------------------------------------------------------------------------------------------------------------------
2021-03-07 00:20:52,696 - PixelEconomy (db /media/Coding/py/PixelEconomy/db.py:12) - INFO - Database has already been initialised!
2021-03-07 00:21:19,627 - PixelEconomy (logger /media/Coding/py/PixelEconomy/logger.py:31) - INFO - logger init! --------------------------------------------------------------------------------------------------------------------------------------------------------------------------------------------------------
2021-03-07 00:21:19,885 - PixelEconomy (db /media/Coding/py/PixelEconomy/db.py:134) - INFO - Initialised database!
2021-03-07 00:21:26,614 - PixelEconomy (logger /media/Coding/py/PixelEconomy/logger.py:31) - INFO - logger init! --------------------------------------------------------------------------------------------------------------------------------------------------------------------------------------------------------
2021-03-07 00:21:34,291 - PixelEconomy (db /media/Coding/py/PixelEconomy/db.py:134) - INFO - Initialised database!
2021-03-07 00:22:40,884 - PixelEconomy (logger /media/Coding/py/PixelEconomy/logger.py:31) - INFO - logger init! --------------------------------------------------------------------------------------------------------------------------------------------------------------------------------------------------------
2021-03-07 00:22:41,208 - PixelEconomy (db /media/Coding/py/PixelEconomy/db.py:134) - INFO - Initialised database!
2021-03-07 00:26:55,917 - PixelEconomy (logger /media/Coding/py/PixelEconomy/logger.py:31) - INFO - logger init! --------------------------------------------------------------------------------------------------------------------------------------------------------------------------------------------------------
2021-03-07 00:26:56,410 - PixelEconomy (db /media/Coding/py/PixelEconomy/db.py:134) - INFO - Initialised database!
2021-03-07 00:27:11,052 - PixelEconomy (logger /media/Coding/py/PixelEconomy/logger.py:31) - INFO - logger init! --------------------------------------------------------------------------------------------------------------------------------------------------------------------------------------------------------
2021-03-07 00:27:11,451 - PixelEconomy (db /media/Coding/py/PixelEconomy/db.py:134) - INFO - Initialised database!
2021-03-07 00:27:35,288 - PixelEconomy (logger /media/Coding/py/PixelEconomy/logger.py:31) - INFO - logger init! --------------------------------------------------------------------------------------------------------------------------------------------------------------------------------------------------------
2021-03-07 00:27:35,730 - PixelEconomy (db /media/Coding/py/PixelEconomy/db.py:134) - INFO - Initialised database!
2021-03-07 00:27:50,723 - PixelEconomy (logger /media/Coding/py/PixelEconomy/logger.py:31) - INFO - logger init! --------------------------------------------------------------------------------------------------------------------------------------------------------------------------------------------------------
2021-03-07 00:27:51,090 - PixelEconomy (db /media/Coding/py/PixelEconomy/db.py:134) - INFO - Initialised database!
2021-03-07 00:28:40,049 - PixelEconomy (logger /media/Coding/py/PixelEconomy/logger.py:31) - INFO - logger init! --------------------------------------------------------------------------------------------------------------------------------------------------------------------------------------------------------
2021-03-07 00:28:40,415 - PixelEconomy (db /media/Coding/py/PixelEconomy/db.py:134) - INFO - Initialised database!
2021-03-07 00:29:35,346 - PixelEconomy (logger /media/Coding/py/PixelEconomy/logger.py:31) - INFO - logger init! --------------------------------------------------------------------------------------------------------------------------------------------------------------------------------------------------------
2021-03-07 00:29:35,725 - PixelEconomy (db /media/Coding/py/PixelEconomy/db.py:134) - INFO - Initialised database!
2021-03-07 00:29:44,872 - PixelEconomy (logger /media/Coding/py/PixelEconomy/logger.py:31) - INFO - logger init! --------------------------------------------------------------------------------------------------------------------------------------------------------------------------------------------------------
2021-03-07 00:29:45,246 - PixelEconomy (db /media/Coding/py/PixelEconomy/db.py:134) - INFO - Initialised database!
2021-03-07 00:31:30,791 - PixelEconomy (logger /media/Coding/py/PixelEconomy/logger.py:31) - INFO - logger init! --------------------------------------------------------------------------------------------------------------------------------------------------------------------------------------------------------
2021-03-07 00:31:31,184 - PixelEconomy (db /media/Coding/py/PixelEconomy/db.py:134) - INFO - Initialised database!
2021-03-07 00:31:46,236 - PixelEconomy (logger /media/Coding/py/PixelEconomy/logger.py:31) - INFO - logger init! --------------------------------------------------------------------------------------------------------------------------------------------------------------------------------------------------------
2021-03-07 00:31:46,588 - PixelEconomy (db /media/Coding/py/PixelEconomy/db.py:134) - INFO - Initialised database!
2021-03-07 00:33:20,201 - PixelEconomy (logger /media/Coding/py/PixelEconomy/logger.py:31) - INFO - logger init! --------------------------------------------------------------------------------------------------------------------------------------------------------------------------------------------------------
2021-03-07 00:33:20,619 - PixelEconomy (db /media/Coding/py/PixelEconomy/db.py:134) - INFO - Initialised database!
2021-03-07 00:35:37,238 - PixelEconomy (logger /media/Coding/py/PixelEconomy/logger.py:31) - INFO - logger init! --------------------------------------------------------------------------------------------------------------------------------------------------------------------------------------------------------
2021-03-07 00:35:37,640 - PixelEconomy (db /media/Coding/py/PixelEconomy/db.py:134) - INFO - Initialised database!
2021-03-07 00:39:39,813 - PixelEconomy (logger /media/Coding/py/PixelEconomy/logger.py:31) - INFO - logger init! --------------------------------------------------------------------------------------------------------------------------------------------------------------------------------------------------------
2021-03-07 00:39:40,206 - PixelEconomy (db /media/Coding/py/PixelEconomy/db.py:134) - INFO - Initialised database!
2021-03-07 00:40:36,555 - PixelEconomy (logger /media/Coding/py/PixelEconomy/logger.py:31) - INFO - logger init! --------------------------------------------------------------------------------------------------------------------------------------------------------------------------------------------------------
2021-03-07 00:40:36,811 - PixelEconomy (db /media/Coding/py/PixelEconomy/db.py:134) - INFO - Initialised database!
2021-03-07 00:41:07,509 - PixelEconomy (app /media/Coding/py/PixelEconomy/app.py:162) - DEBUG - Logged in visit to index: test
2021-03-07 00:41:22,912 - PixelEconomy (app /media/Coding/py/PixelEconomy/app.py:162) - DEBUG - Logged in visit to index: test
2021-03-07 00:41:27,360 - PixelEconomy (app /media/Coding/py/PixelEconomy/app.py:162) - DEBUG - Logged in visit to index: test
2021-03-07 00:41:38,485 - PixelEconomy (app /media/Coding/py/PixelEconomy/app.py:162) - DEBUG - Logged in visit to index: test
2021-03-07 00:41:53,544 - PixelEconomy (app /media/Coding/py/PixelEconomy/app.py:162) - DEBUG - Logged in visit to index: test
2021-03-07 00:42:08,076 - PixelEconomy (app /media/Coding/py/PixelEconomy/app.py:162) - DEBUG - Logged in visit to index: test
2021-03-07 00:42:10,080 - PixelEconomy (app /media/Coding/py/PixelEconomy/app.py:162) - DEBUG - Logged in visit to index: test
2021-03-07 00:43:09,269 - PixelEconomy (app /media/Coding/py/PixelEconomy/app.py:162) - DEBUG - Logged in visit to index: test
2021-03-07 00:43:17,424 - PixelEconomy (logger /media/Coding/py/PixelEconomy/logger.py:31) - INFO - logger init! --------------------------------------------------------------------------------------------------------------------------------------------------------------------------------------------------------
2021-03-07 00:43:17,814 - PixelEconomy (db /media/Coding/py/PixelEconomy/db.py:134) - INFO - Initialised database!
2021-03-07 00:44:30,411 - PixelEconomy (app /media/Coding/py/PixelEconomy/app.py:162) - DEBUG - Logged in visit to index: test
2021-03-07 00:44:57,303 - PixelEconomy (app /media/Coding/py/PixelEconomy/app.py:162) - DEBUG - Logged in visit to index: badartist
2021-03-07 00:48:59,624 - PixelEconomy (logger /media/Coding/py/PixelEconomy/logger.py:31) - INFO - logger init! --------------------------------------------------------------------------------------------------------------------------------------------------------------------------------------------------------
2021-03-07 00:48:59,878 - PixelEconomy (db /media/Coding/py/PixelEconomy/db.py:134) - INFO - Initialised database!
2021-03-07 00:50:10,020 - PixelEconomy (app /media/Coding/py/PixelEconomy/app.py:162) - DEBUG - Logged in visit to index: badartist
2021-03-07 00:51:29,312 - PixelEconomy (app /media/Coding/py/PixelEconomy/app.py:162) - DEBUG - Logged in visit to index: bicasso
2021-03-07 00:52:57,766 - PixelEconomy (app /media/Coding/py/PixelEconomy/app.py:162) - DEBUG - Logged in visit to index: bicasso
2021-03-07 00:53:35,338 - PixelEconomy (app /media/Coding/py/PixelEconomy/app.py:162) - DEBUG - Logged in visit to index: bicasso
2021-03-07 00:53:56,958 - PixelEconomy (app /media/Coding/py/PixelEconomy/app.py:162) - DEBUG - Logged in visit to index: bicasso
2021-03-07 00:54:11,689 - PixelEconomy (app /media/Coding/py/PixelEconomy/app.py:162) - DEBUG - Logged in visit to index: bicasso
2021-03-07 00:59:53,398 - PixelEconomy (logger /media/Coding/py/PixelEconomy/logger.py:31) - INFO - logger init! --------------------------------------------------------------------------------------------------------------------------------------------------------------------------------------------------------
2021-03-07 00:59:53,510 - PixelEconomy (db /media/Coding/py/PixelEconomy/db.py:12) - INFO - Database has already been initialised!
2021-03-07 01:00:04,718 - PixelEconomy (app /media/Coding/py/PixelEconomy/app.py:162) - DEBUG - Logged in visit to index: bicasso
2021-03-07 01:00:12,018 - PixelEconomy (app /media/Coding/py/PixelEconomy/app.py:162) - DEBUG - Logged in visit to index: bicasso
2021-03-07 01:00:24,111 - PixelEconomy (app /media/Coding/py/PixelEconomy/app.py:162) - DEBUG - Logged in visit to index: bicasso
2021-03-07 01:00:36,754 - PixelEconomy (app /media/Coding/py/PixelEconomy/app.py:162) - DEBUG - Logged in visit to index: bicasso
2021-03-07 01:00:48,537 - PixelEconomy (app /media/Coding/py/PixelEconomy/app.py:162) - DEBUG - Logged in visit to index: bicasso
2021-03-07 01:01:02,281 - PixelEconomy (app /media/Coding/py/PixelEconomy/app.py:162) - DEBUG - Logged in visit to index: bicasso
2021-03-07 01:01:11,630 - PixelEconomy (app /media/Coding/py/PixelEconomy/app.py:162) - DEBUG - Logged in visit to index: bicasso
2021-03-07 01:01:27,814 - PixelEconomy (app /media/Coding/py/PixelEconomy/app.py:162) - DEBUG - Logged in visit to index: badartist
2021-03-07 01:02:35,766 - PixelEconomy (app /media/Coding/py/PixelEconomy/app.py:162) - DEBUG - Logged in visit to index: badartist
2021-03-07 01:02:42,311 - PixelEconomy (app /media/Coding/py/PixelEconomy/app.py:162) - DEBUG - Logged in visit to index: badartist
2021-03-07 01:03:04,541 - PixelEconomy (app /media/Coding/py/PixelEconomy/app.py:162) - DEBUG - Logged in visit to index: bicasso
2021-03-07 01:03:37,059 - PixelEconomy (app /media/Coding/py/PixelEconomy/app.py:162) - DEBUG - Logged in visit to index: bicasso
2021-03-07 01:35:02,246 - PixelEconomy (logger /media/Coding/py/PixelEconomy/logger.py:31) - INFO - logger init! --------------------------------------------------------------------------------------------------------------------------------------------------------------------------------------------------------
2021-03-07 01:35:02,340 - PixelEconomy (db /media/Coding/py/PixelEconomy/db.py:12) - INFO - Database has already been initialised!
2021-03-07 01:35:09,053 - PixelEconomy (app /media/Coding/py/PixelEconomy/app.py:162) - DEBUG - Logged in visit to index: badartist
2021-03-07 01:35:25,989 - PixelEconomy (logger /media/Coding/py/PixelEconomy/logger.py:31) - INFO - logger init! --------------------------------------------------------------------------------------------------------------------------------------------------------------------------------------------------------
2021-03-07 01:35:26,089 - PixelEconomy (db /media/Coding/py/PixelEconomy/db.py:12) - INFO - Database has already been initialised!
2021-03-07 01:38:56,016 - PixelEconomy (logger /media/Coding/py/PixelEconomy/logger.py:31) - INFO - logger init! --------------------------------------------------------------------------------------------------------------------------------------------------------------------------------------------------------
2021-03-07 01:39:26,355 - PixelEconomy (logger /media/Coding/py/PixelEconomy/logger.py:31) - INFO - logger init! --------------------------------------------------------------------------------------------------------------------------------------------------------------------------------------------------------
2021-03-07 01:39:56,679 - PixelEconomy (logger /media/Coding/py/PixelEconomy/logger.py:31) - INFO - logger init! --------------------------------------------------------------------------------------------------------------------------------------------------------------------------------------------------------
2021-03-07 01:40:27,022 - PixelEconomy (logger /media/Coding/py/PixelEconomy/logger.py:31) - INFO - logger init! --------------------------------------------------------------------------------------------------------------------------------------------------------------------------------------------------------
2021-03-07 01:42:09,247 - PixelEconomy (logger /media/Coding/py/PixelEconomy/logger.py:31) - INFO - logger init! --------------------------------------------------------------------------------------------------------------------------------------------------------------------------------------------------------
2021-03-07 01:42:09,443 - PixelEconomy (db /media/Coding/py/PixelEconomy/db.py:134) - INFO - Initialised database!
2021-03-07 03:24:07,952 - PixelEconomy (logger /media/Coding/py/PixelEconomy/logger.py:31) - INFO - logger init! --------------------------------------------------------------------------------------------------------------------------------------------------------------------------------------------------------
2021-03-07 03:24:08,053 - PixelEconomy (db /media/Coding/py/PixelEconomy/db.py:12) - INFO - Database has already been initialised!
2021-03-07 03:24:22,305 - PixelEconomy (app /media/Coding/py/PixelEconomy/app.py:162) - DEBUG - Logged in visit to index: ilikemountains
2021-03-07 03:32:35,575 - PixelEconomy (app /media/Coding/py/PixelEconomy/app.py:162) - DEBUG - Logged in visit to index: badartist
2021-03-07 03:32:50,470 - PixelEconomy (app /media/Coding/py/PixelEconomy/app.py:162) - DEBUG - Logged in visit to index: badartist
2021-03-07 03:32:55,151 - PixelEconomy (app /media/Coding/py/PixelEconomy/app.py:162) - DEBUG - Logged in visit to index: bicasso
2021-03-07 03:33:31,753 - PixelEconomy (app /media/Coding/py/PixelEconomy/app.py:162) - DEBUG - Logged in visit to index: badartist
2021-03-07 03:33:51,811 - PixelEconomy (app /media/Coding/py/PixelEconomy/app.py:162) - DEBUG - Logged in visit to index: badartist
2021-03-07 03:34:13,536 - PixelEconomy (app /media/Coding/py/PixelEconomy/app.py:162) - DEBUG - Logged in visit to index: badartist
2021-03-07 03:34:19,597 - PixelEconomy (app /media/Coding/py/PixelEconomy/app.py:162) - DEBUG - Logged in visit to index: bicasso
